{"/Users/jonas/Documents/Projects/week10/gilded_rose/src/backstagePass.js": {"path":"/Users/jonas/Documents/Projects/week10/gilded_rose/src/backstagePass.js","statementMap":{"0":{"start":{"line":1,"column":22},"end":{"line":1,"column":48}},"1":{"start":{"line":5,"column":4},"end":{"line":5,"column":33}},"2":{"start":{"line":6,"column":4},"end":{"line":6,"column":32}},"3":{"start":{"line":10,"column":4},"end":{"line":14,"column":5}},"4":{"start":{"line":11,"column":6},"end":{"line":11,"column":34}},"5":{"start":{"line":12,"column":11},"end":{"line":14,"column":5}},"6":{"start":{"line":13,"column":6},"end":{"line":13,"column":34}},"7":{"start":{"line":15,"column":4},"end":{"line":15,"column":25}},"8":{"start":{"line":16,"column":4},"end":{"line":16,"column":44}},"9":{"start":{"line":16,"column":27},"end":{"line":16,"column":43}},"10":{"start":{"line":20,"column":0},"end":{"line":20,"column":31}}},"fnMap":{"0":{"name":"(anonymous_0)","decl":{"start":{"line":4,"column":2},"end":{"line":4,"column":3}},"loc":{"start":{"line":4,"column":37},"end":{"line":7,"column":3}},"line":4},"1":{"name":"(anonymous_1)","decl":{"start":{"line":9,"column":2},"end":{"line":9,"column":3}},"loc":{"start":{"line":9,"column":17},"end":{"line":17,"column":3}},"line":9}},"branchMap":{"0":{"loc":{"start":{"line":10,"column":4},"end":{"line":14,"column":5}},"type":"if","locations":[{"start":{"line":10,"column":4},"end":{"line":14,"column":5}},{"start":{"line":12,"column":11},"end":{"line":14,"column":5}}],"line":10},"1":{"loc":{"start":{"line":12,"column":11},"end":{"line":14,"column":5}},"type":"if","locations":[{"start":{"line":12,"column":11},"end":{"line":14,"column":5}},{"start":{},"end":{}}],"line":12},"2":{"loc":{"start":{"line":16,"column":4},"end":{"line":16,"column":44}},"type":"if","locations":[{"start":{"line":16,"column":4},"end":{"line":16,"column":44}},{"start":{},"end":{}}],"line":16}},"s":{"0":1,"1":4,"2":4,"3":6,"4":2,"5":4,"6":1,"7":6,"8":6,"9":1,"10":1},"f":{"0":4,"1":6},"b":{"0":[2,4],"1":[1,3],"2":[1,5]},"_coverageSchema":"1a1c01bbd47fc00a2c39e90264f33305004495a9","hash":"ca5e31d92071cbaea3ce1bc75b7b41e38c34b4d5"}
,"/Users/jonas/Documents/Projects/week10/gilded_rose/src/betterWithAge.js": {"path":"/Users/jonas/Documents/Projects/week10/gilded_rose/src/betterWithAge.js","statementMap":{"0":{"start":{"line":1,"column":18},"end":{"line":1,"column":40}},"1":{"start":{"line":5,"column":4},"end":{"line":5,"column":33}},"2":{"start":{"line":6,"column":4},"end":{"line":6,"column":32}},"3":{"start":{"line":10,"column":4},"end":{"line":10,"column":22}},"4":{"start":{"line":11,"column":4},"end":{"line":11,"column":47}},"5":{"start":{"line":11,"column":28},"end":{"line":11,"column":46}},"6":{"start":{"line":15,"column":0},"end":{"line":15,"column":31}}},"fnMap":{"0":{"name":"(anonymous_0)","decl":{"start":{"line":4,"column":2},"end":{"line":4,"column":3}},"loc":{"start":{"line":4,"column":37},"end":{"line":7,"column":3}},"line":4},"1":{"name":"(anonymous_1)","decl":{"start":{"line":9,"column":2},"end":{"line":9,"column":3}},"loc":{"start":{"line":9,"column":17},"end":{"line":12,"column":3}},"line":9}},"branchMap":{"0":{"loc":{"start":{"line":11,"column":4},"end":{"line":11,"column":47}},"type":"if","locations":[{"start":{"line":11,"column":4},"end":{"line":11,"column":47}},{"start":{},"end":{}}],"line":11}},"s":{"0":1,"1":7,"2":7,"3":12,"4":12,"5":1,"6":1},"f":{"0":7,"1":12},"b":{"0":[1,11]},"_coverageSchema":"1a1c01bbd47fc00a2c39e90264f33305004495a9","hash":"cd6b15133b150b8a667450c6a2b245658772380c"}
,"/Users/jonas/Documents/Projects/week10/gilded_rose/src/conjuredItem.js": {"path":"/Users/jonas/Documents/Projects/week10/gilded_rose/src/conjuredItem.js","statementMap":{"0":{"start":{"line":1,"column":18},"end":{"line":1,"column":40}},"1":{"start":{"line":5,"column":4},"end":{"line":5,"column":33}},"2":{"start":{"line":6,"column":4},"end":{"line":6,"column":32}},"3":{"start":{"line":10,"column":4},"end":{"line":10,"column":56}},"4":{"start":{"line":10,"column":27},"end":{"line":10,"column":55}},"5":{"start":{"line":11,"column":4},"end":{"line":11,"column":22}},"6":{"start":{"line":12,"column":4},"end":{"line":12,"column":45}},"7":{"start":{"line":12,"column":27},"end":{"line":12,"column":44}},"8":{"start":{"line":16,"column":0},"end":{"line":16,"column":30}}},"fnMap":{"0":{"name":"(anonymous_0)","decl":{"start":{"line":4,"column":2},"end":{"line":4,"column":3}},"loc":{"start":{"line":4,"column":37},"end":{"line":7,"column":3}},"line":4},"1":{"name":"(anonymous_1)","decl":{"start":{"line":9,"column":2},"end":{"line":9,"column":3}},"loc":{"start":{"line":9,"column":17},"end":{"line":13,"column":3}},"line":9}},"branchMap":{"0":{"loc":{"start":{"line":10,"column":4},"end":{"line":10,"column":56}},"type":"if","locations":[{"start":{"line":10,"column":4},"end":{"line":10,"column":56}},{"start":{},"end":{}}],"line":10},"1":{"loc":{"start":{"line":12,"column":4},"end":{"line":12,"column":45}},"type":"if","locations":[{"start":{"line":12,"column":4},"end":{"line":12,"column":45}},{"start":{},"end":{}}],"line":12}},"s":{"0":1,"1":3,"2":3,"3":4,"4":3,"5":4,"6":4,"7":1,"8":1},"f":{"0":3,"1":4},"b":{"0":[3,1],"1":[1,3]},"_coverageSchema":"1a1c01bbd47fc00a2c39e90264f33305004495a9","hash":"678c2fb6b5cb867e890b3b2ae2817bb1295638b6"}
,"/Users/jonas/Documents/Projects/week10/gilded_rose/src/item.js": {"path":"/Users/jonas/Documents/Projects/week10/gilded_rose/src/item.js","statementMap":{"0":{"start":{"line":3,"column":4},"end":{"line":3,"column":21}},"1":{"start":{"line":4,"column":4},"end":{"line":4,"column":25}},"2":{"start":{"line":5,"column":4},"end":{"line":5,"column":27}},"3":{"start":{"line":9,"column":0},"end":{"line":9,"column":22}}},"fnMap":{"0":{"name":"(anonymous_0)","decl":{"start":{"line":2,"column":2},"end":{"line":2,"column":3}},"loc":{"start":{"line":2,"column":36},"end":{"line":6,"column":3}},"line":2}},"branchMap":{},"s":{"0":46,"1":46,"2":46,"3":1},"f":{"0":46},"b":{},"_coverageSchema":"1a1c01bbd47fc00a2c39e90264f33305004495a9","hash":"2849222b22acb37e2732e7692ac16aa780060561"}
,"/Users/jonas/Documents/Projects/week10/gilded_rose/src/shop.js": {"path":"/Users/jonas/Documents/Projects/week10/gilded_rose/src/shop.js","statementMap":{"0":{"start":{"line":1,"column":18},"end":{"line":1,"column":45}},"1":{"start":{"line":2,"column":22},"end":{"line":2,"column":53}},"2":{"start":{"line":3,"column":17},"end":{"line":3,"column":43}},"3":{"start":{"line":4,"column":22},"end":{"line":4,"column":53}},"4":{"start":{"line":5,"column":21},"end":{"line":5,"column":51}},"5":{"start":{"line":9,"column":4},"end":{"line":9,"column":40}},"6":{"start":{"line":13,"column":25},"end":{"line":25,"column":6}},"7":{"start":{"line":14,"column":6},"end":{"line":24,"column":7}},"8":{"start":{"line":15,"column":8},"end":{"line":15,"column":71}},"9":{"start":{"line":16,"column":13},"end":{"line":24,"column":7}},"10":{"start":{"line":17,"column":8},"end":{"line":17,"column":71}},"11":{"start":{"line":18,"column":13},"end":{"line":24,"column":7}},"12":{"start":{"line":19,"column":8},"end":{"line":19,"column":66}},"13":{"start":{"line":20,"column":13},"end":{"line":24,"column":7}},"14":{"start":{"line":21,"column":8},"end":{"line":21,"column":70}},"15":{"start":{"line":23,"column":8},"end":{"line":23,"column":67}},"16":{"start":{"line":26,"column":4},"end":{"line":26,"column":24}},"17":{"start":{"line":30,"column":4},"end":{"line":30,"column":51}},"18":{"start":{"line":30,"column":31},"end":{"line":30,"column":50}},"19":{"start":{"line":34,"column":0},"end":{"line":34,"column":22}}},"fnMap":{"0":{"name":"(anonymous_0)","decl":{"start":{"line":8,"column":2},"end":{"line":8,"column":3}},"loc":{"start":{"line":8,"column":21},"end":{"line":10,"column":3}},"line":8},"1":{"name":"(anonymous_1)","decl":{"start":{"line":12,"column":2},"end":{"line":12,"column":3}},"loc":{"start":{"line":12,"column":20},"end":{"line":27,"column":3}},"line":12},"2":{"name":"(anonymous_2)","decl":{"start":{"line":13,"column":35},"end":{"line":13,"column":36}},"loc":{"start":{"line":13,"column":45},"end":{"line":25,"column":5}},"line":13},"3":{"name":"(anonymous_3)","decl":{"start":{"line":29,"column":2},"end":{"line":29,"column":3}},"loc":{"start":{"line":29,"column":18},"end":{"line":31,"column":3}},"line":29},"4":{"name":"(anonymous_4)","decl":{"start":{"line":30,"column":23},"end":{"line":30,"column":24}},"loc":{"start":{"line":30,"column":31},"end":{"line":30,"column":50}},"line":30}},"branchMap":{"0":{"loc":{"start":{"line":14,"column":6},"end":{"line":24,"column":7}},"type":"if","locations":[{"start":{"line":14,"column":6},"end":{"line":24,"column":7}},{"start":{"line":16,"column":13},"end":{"line":24,"column":7}}],"line":14},"1":{"loc":{"start":{"line":16,"column":13},"end":{"line":24,"column":7}},"type":"if","locations":[{"start":{"line":16,"column":13},"end":{"line":24,"column":7}},{"start":{"line":18,"column":13},"end":{"line":24,"column":7}}],"line":16},"2":{"loc":{"start":{"line":18,"column":13},"end":{"line":24,"column":7}},"type":"if","locations":[{"start":{"line":18,"column":13},"end":{"line":24,"column":7}},{"start":{"line":20,"column":13},"end":{"line":24,"column":7}}],"line":18},"3":{"loc":{"start":{"line":20,"column":13},"end":{"line":24,"column":7}},"type":"if","locations":[{"start":{"line":20,"column":13},"end":{"line":24,"column":7}},{"start":{"line":22,"column":13},"end":{"line":24,"column":7}}],"line":20}},"s":{"0":1,"1":1,"2":1,"3":1,"4":1,"5":19,"6":19,"7":23,"8":3,"9":20,"10":4,"11":16,"12":1,"13":15,"14":3,"15":12,"16":19,"17":33,"18":41,"19":1},"f":{"0":19,"1":19,"2":23,"3":33,"4":41},"b":{"0":[3,20],"1":[4,16],"2":[1,15],"3":[3,12]},"_coverageSchema":"1a1c01bbd47fc00a2c39e90264f33305004495a9","hash":"ef6da2426903385c5371ed729d337955706ba021"}
,"/Users/jonas/Documents/Projects/week10/gilded_rose/src/stockItem.js": {"path":"/Users/jonas/Documents/Projects/week10/gilded_rose/src/stockItem.js","statementMap":{"0":{"start":{"line":1,"column":13},"end":{"line":1,"column":30}},"1":{"start":{"line":5,"column":4},"end":{"line":5,"column":33}},"2":{"start":{"line":6,"column":4},"end":{"line":6,"column":32}},"3":{"start":{"line":7,"column":4},"end":{"line":7,"column":31}},"4":{"start":{"line":11,"column":4},"end":{"line":11,"column":43}},"5":{"start":{"line":12,"column":4},"end":{"line":12,"column":41}},"6":{"start":{"line":16,"column":4},"end":{"line":16,"column":56}},"7":{"start":{"line":16,"column":27},"end":{"line":16,"column":55}},"8":{"start":{"line":17,"column":4},"end":{"line":17,"column":21}},"9":{"start":{"line":18,"column":4},"end":{"line":18,"column":45}},"10":{"start":{"line":18,"column":27},"end":{"line":18,"column":44}},"11":{"start":{"line":22,"column":0},"end":{"line":22,"column":27}}},"fnMap":{"0":{"name":"(anonymous_0)","decl":{"start":{"line":4,"column":2},"end":{"line":4,"column":3}},"loc":{"start":{"line":4,"column":37},"end":{"line":8,"column":3}},"line":4},"1":{"name":"(anonymous_1)","decl":{"start":{"line":10,"column":2},"end":{"line":10,"column":3}},"loc":{"start":{"line":10,"column":14},"end":{"line":13,"column":3}},"line":10},"2":{"name":"(anonymous_2)","decl":{"start":{"line":15,"column":2},"end":{"line":15,"column":3}},"loc":{"start":{"line":15,"column":17},"end":{"line":19,"column":3}},"line":15}},"branchMap":{"0":{"loc":{"start":{"line":16,"column":4},"end":{"line":16,"column":56}},"type":"if","locations":[{"start":{"line":16,"column":4},"end":{"line":16,"column":56}},{"start":{},"end":{}}],"line":16},"1":{"loc":{"start":{"line":18,"column":4},"end":{"line":18,"column":45}},"type":"if","locations":[{"start":{"line":18,"column":4},"end":{"line":18,"column":45}},{"start":{},"end":{}}],"line":18}},"s":{"0":1,"1":23,"2":23,"3":23,"4":38,"5":38,"6":22,"7":1,"8":22,"9":22,"10":1,"11":1},"f":{"0":23,"1":38,"2":22},"b":{"0":[1,21],"1":[1,21]},"_coverageSchema":"1a1c01bbd47fc00a2c39e90264f33305004495a9","hash":"83745c5c5c1bfd32a374bb4343552baf6da9a498"}
,"/Users/jonas/Documents/Projects/week10/gilded_rose/src/sulfuras.js": {"path":"/Users/jonas/Documents/Projects/week10/gilded_rose/src/sulfuras.js","statementMap":{"0":{"start":{"line":1,"column":18},"end":{"line":1,"column":40}},"1":{"start":{"line":5,"column":4},"end":{"line":5,"column":33}},"2":{"start":{"line":12,"column":0},"end":{"line":12,"column":26}}},"fnMap":{"0":{"name":"(anonymous_0)","decl":{"start":{"line":4,"column":2},"end":{"line":4,"column":3}},"loc":{"start":{"line":4,"column":37},"end":{"line":6,"column":3}},"line":4},"1":{"name":"(anonymous_1)","decl":{"start":{"line":9,"column":2},"end":{"line":9,"column":3}},"loc":{"start":{"line":9,"column":17},"end":{"line":9,"column":19}},"line":9}},"branchMap":{},"s":{"0":1,"1":1,"2":1},"f":{"0":1,"1":3},"b":{},"_coverageSchema":"1a1c01bbd47fc00a2c39e90264f33305004495a9","hash":"8c62c671990342fcbff45053ececed63c36e180a"}
}
