TN:
SF:src/backstagePass.js
FN:4,(anonymous_0)
FN:9,(anonymous_1)
FNF:2
FNH:2
FNDA:4,(anonymous_0)
FNDA:6,(anonymous_1)
DA:1,1
DA:5,4
DA:6,4
DA:10,6
DA:11,2
DA:12,4
DA:13,1
DA:15,6
DA:16,6
DA:20,1
LF:10
LH:10
BRDA:10,0,0,2
BRDA:10,0,1,4
BRDA:12,1,0,1
BRDA:12,1,1,3
BRDA:16,2,0,1
BRDA:16,2,1,5
BRF:6
BRH:6
end_of_record
TN:
SF:src/betterWithAge.js
FN:4,(anonymous_0)
FN:9,(anonymous_1)
FNF:2
FNH:2
FNDA:7,(anonymous_0)
FNDA:12,(anonymous_1)
DA:1,1
DA:5,7
DA:6,7
DA:10,12
DA:11,12
DA:15,1
LF:6
LH:6
BRDA:11,0,0,1
BRDA:11,0,1,11
BRF:2
BRH:2
end_of_record
TN:
SF:src/conjuredItem.js
FN:4,(anonymous_0)
FN:9,(anonymous_1)
FNF:2
FNH:2
FNDA:3,(anonymous_0)
FNDA:4,(anonymous_1)
DA:1,1
DA:5,3
DA:6,3
DA:10,4
DA:11,4
DA:12,4
DA:16,1
LF:7
LH:7
BRDA:10,0,0,3
BRDA:10,0,1,1
BRDA:12,1,0,1
BRDA:12,1,1,3
BRF:4
BRH:4
end_of_record
TN:
SF:src/item.js
FN:2,(anonymous_0)
FNF:1
FNH:1
FNDA:46,(anonymous_0)
DA:3,46
DA:4,46
DA:5,46
DA:9,1
LF:4
LH:4
BRF:0
BRH:0
end_of_record
TN:
SF:src/shop.js
FN:8,(anonymous_0)
FN:12,(anonymous_1)
FN:13,(anonymous_2)
FN:29,(anonymous_3)
FN:30,(anonymous_4)
FNF:5
FNH:5
FNDA:19,(anonymous_0)
FNDA:19,(anonymous_1)
FNDA:23,(anonymous_2)
FNDA:33,(anonymous_3)
FNDA:41,(anonymous_4)
DA:1,1
DA:2,1
DA:3,1
DA:4,1
DA:5,1
DA:9,19
DA:13,19
DA:14,23
DA:15,3
DA:16,20
DA:17,4
DA:18,16
DA:19,1
DA:20,15
DA:21,3
DA:23,12
DA:26,19
DA:30,41
DA:34,1
LF:19
LH:19
BRDA:14,0,0,3
BRDA:14,0,1,20
BRDA:16,1,0,4
BRDA:16,1,1,16
BRDA:18,2,0,1
BRDA:18,2,1,15
BRDA:20,3,0,3
BRDA:20,3,1,12
BRF:8
BRH:8
end_of_record
TN:
SF:src/stockItem.js
FN:4,(anonymous_0)
FN:10,(anonymous_1)
FN:15,(anonymous_2)
FNF:3
FNH:3
FNDA:23,(anonymous_0)
FNDA:38,(anonymous_1)
FNDA:22,(anonymous_2)
DA:1,1
DA:5,23
DA:6,23
DA:7,23
DA:11,38
DA:12,38
DA:16,22
DA:17,22
DA:18,22
DA:22,1
LF:10
LH:10
BRDA:16,0,0,1
BRDA:16,0,1,21
BRDA:18,1,0,1
BRDA:18,1,1,21
BRF:4
BRH:4
end_of_record
TN:
SF:src/sulfuras.js
FN:4,(anonymous_0)
FN:9,(anonymous_1)
FNF:2
FNH:2
FNDA:1,(anonymous_0)
FNDA:3,(anonymous_1)
DA:1,1
DA:5,1
DA:12,1
LF:3
LH:3
BRF:0
BRH:0
end_of_record
